[08:20:20] [main/INFO] (FabricLoader/GameProvider) Loading Minecraft 1.20.1 with Fabric Loader 0.16.12
[08:20:20] [ForkJoinPool-1-worker-1/WARN] (FabricLoader/Metadata) The mod "jcraft-requiem" contains invalid entries in its mod json:
- Unsupported root entry "after" at line 35 column 10
[08:20:20] [main/INFO] (FabricLoader) Loading 73 mods:
	- architectury 9.2.14
	- azurelib 2.0.39
	- cardinal-components-base 5.2.2
	- cardinal-components-entity 5.2.2
	- cardinal-components-world 5.2.2
	- cloth-basic-math 0.6.1
	- cloth-config 11.1.118
	- devlogin 3.5
	- fabric-api 0.92.5+1.20.1
	- fabric-api-base 0.4.32+1802ada577
	- fabric-api-lookup-api-v1 1.6.37+1802ada577
	- fabric-biome-api-v1 13.0.14+1802ada577
	- fabric-block-api-v1 1.0.12+1802ada577
	- fabric-block-view-api-v2 1.0.3+924f046a77
	- fabric-blockrenderlayer-v1 1.1.42+1802ada577
	- fabric-client-tags-api-v1 1.1.3+1802ada577
	- fabric-command-api-v1 1.2.35+f71b366f77
	- fabric-command-api-v2 2.2.14+1802ada577
	- fabric-commands-v0 0.2.52+df3654b377
	- fabric-containers-v0 0.1.66+df3654b377
	- fabric-content-registries-v0 4.0.13+1802ada577
	- fabric-convention-tags-v1 1.5.6+1802ada577
	- fabric-crash-report-info-v1 0.2.20+1802ada577
	- fabric-data-attachment-api-v1 1.0.2+de0fd6d177
	- fabric-data-generation-api-v1 12.3.6+1802ada577
	- fabric-dimensions-v1 2.1.55+1802ada577
	- fabric-entity-events-v1 1.6.1+1c78457f77
	- fabric-events-interaction-v0 0.6.4+13a40c6677
	- fabric-events-lifecycle-v0 0.2.64+df3654b377
	- fabric-game-rule-api-v1 1.0.41+1802ada577
	- fabric-gametest-api-v1 1.2.15+1802ada577
	- fabric-item-api-v1 2.1.29+1802ada577
	- fabric-item-group-api-v1 4.0.14+1802ada577
	- fabric-key-binding-api-v1 1.0.38+1802ada577
	- fabric-keybindings-v0 0.2.36+df3654b377
	- fabric-lifecycle-events-v1 2.2.23+1802ada577
	- fabric-loot-api-v2 1.2.3+1802ada577
	- fabric-loot-tables-v1 1.1.47+9e7660c677
	- fabric-message-api-v1 5.1.10+1802ada577
	- fabric-mining-level-api-v1 2.1.52+1802ada577
	- fabric-model-loading-api-v1 1.0.4+1802ada577
	- fabric-models-v0 0.4.3+9386d8a777
	- fabric-networking-api-v1 1.3.13+13a40c6677
	- fabric-networking-v0 0.3.53+df3654b377
	- fabric-object-builder-api-v1 11.1.5+e35120df77
	- fabric-particles-v1 1.1.3+1802ada577
	- fabric-recipe-api-v1 1.0.23+1802ada577
	- fabric-registry-sync-v0 2.3.5+1802ada577
	- fabric-renderer-api-v1 3.2.2+1802ada577
	- fabric-renderer-indigo 1.5.3+85287f9f77
	- fabric-renderer-registries-v1 3.2.47+df3654b377
	- fabric-rendering-data-attachment-v1 0.3.39+92a0d36777
	- fabric-rendering-fluids-v1 3.0.29+1802ada577
	- fabric-rendering-v0 1.1.50+df3654b377
	- fabric-rendering-v1 3.0.9+1802ada577
	- fabric-resource-conditions-api-v1 2.3.9+1802ada577
	- fabric-resource-loader-v0 0.11.12+fb82e9d777
	- fabric-screen-api-v1 2.0.9+1802ada577
	- fabric-screen-handler-api-v1 1.3.32+1802ada577
	- fabric-sound-api-v1 1.0.14+1802ada577
	- fabric-transfer-api-v1 3.3.6+8dd72ea377
	- fabric-transitive-access-wideners-v1 4.3.2+1802ada577
	- fabricloader 0.16.12
	- generated_4f317b6 1.0.0
	- java 17
	- jcraft 0.16.3
	- jcraft-requiem 1.0-SNAPSHOT
	- minecraft 1.20.1
	- mixinextras 0.4.1
	- modmenu 7.2.2
	- player-animator 1.0.2-rc1+1.20
	- terrablender 3.0.1.10
	- trimmed 2.1.4
[08:20:20] [main/INFO] (FabricLoader/Mixin) SpongePowered MIXIN Subsystem Version=0.8.7 Source=file:/home/memezforbeanz/.gradle/caches/modules-2/files-2.1/net.fabricmc/sponge-mixin/0.15.4+mixin.0.8.7/6a12aacc794f1078458433116e9ed42c1cc98096/sponge-mixin-0.15.4+mixin.0.8.7.jar Service=Knot/Fabric Env=CLIENT
[08:20:20] [main/INFO] (FabricLoader/Mixin) Loaded Fabric development mappings for mixin remapper!
[08:20:20] [main/INFO] (FabricLoader/Mixin) Compatibility level set to JAVA_16
[08:20:20] [main/INFO] (FabricLoader/Mixin) Compatibility level set to JAVA_17
[08:20:21] [main/INFO] (FabricLoader/MixinExtras|Service) Initializing MixinExtras via com.llamalad7.mixinextras.service.MixinExtrasServiceImpl(version=0.4.1).
[08:20:23] [Datafixer Bootstrap/INFO] (Minecraft) 188 Datafixer optimizations took 58 milliseconds
[08:20:24] [Render thread/INFO] (Minecraft) Environment: authHost='https://authserver.mojang.com', accountsHost='https://api.mojang.com', sessionHost='https://sessionserver.mojang.com', servicesHost='https://api.minecraftservices.com', name='PROD'
[08:20:24] [Render thread/ERROR] (Minecraft) Failed to verify authentication
com.mojang.authlib.exceptions.InvalidCredentialsException: Status: 401
	at com.mojang.authlib.exceptions.MinecraftClientHttpException.toAuthenticationException(MinecraftClientHttpException.java:56) ~[authlib-4.0.43.jar:?]
	at com.mojang.authlib.yggdrasil.YggdrasilUserApiService.fetchProperties(YggdrasilUserApiService.java:156) ~[authlib-4.0.43.jar:?]
	at com.mojang.authlib.yggdrasil.YggdrasilUserApiService.<init>(YggdrasilUserApiService.java:55) ~[authlib-4.0.43.jar:?]
	at com.mojang.authlib.yggdrasil.YggdrasilAuthenticationService.createUserApiService(YggdrasilAuthenticationService.java:124) ~[authlib-4.0.43.jar:?]
	at net.minecraft.client.Minecraft.createUserApiService(Minecraft.java:733) ~[minecraft-merged-ff1f857175-1.20.1-loom.mappings.1_20_1.layered+hash.1900676243-v2.jar:?]
	at net.minecraft.client.Minecraft.<init>(Minecraft.java:442) ~[minecraft-merged-ff1f857175-1.20.1-loom.mappings.1_20_1.layered+hash.1900676243-v2.jar:?]
	at net.minecraft.client.main.Main.main(Main.java:211) ~[minecraft-merged-ff1f857175-1.20.1-loom.mappings.1_20_1.layered+hash.1900676243-v2.jar:?]
	at net.fabricmc.loader.impl.game.minecraft.MinecraftGameProvider.launch(MinecraftGameProvider.java:480) ~[fabric-loader-0.16.12.jar:?]
	at net.fabricmc.loader.impl.launch.knot.Knot.launch(Knot.java:74) ~[fabric-loader-0.16.12.jar:?]
	at net.fabricmc.loader.impl.launch.knot.KnotClient.main(KnotClient.java:23) ~[fabric-loader-0.16.12.jar:?]
	at net.fabricmc.devlaunchinjector.Main.main(Main.java:86) ~[dev-launch-injector-0.2.1+build.8.jar:?]
	at dev.architectury.transformer.TransformerRuntime.main(TransformerRuntime.java:220) ~[architectury-transformer-5.2.87-runtime.jar:?]
Caused by: com.mojang.authlib.exceptions.MinecraftClientHttpException: Status: 401
	at com.mojang.authlib.minecraft.client.MinecraftClient.readInputStream(MinecraftClient.java:85) ~[authlib-4.0.43.jar:?]
	at com.mojang.authlib.minecraft.client.MinecraftClient.get(MinecraftClient.java:48) ~[authlib-4.0.43.jar:?]
	at com.mojang.authlib.yggdrasil.YggdrasilUserApiService.fetchProperties(YggdrasilUserApiService.java:129) ~[authlib-4.0.43.jar:?]
	... 10 more
[08:20:24] [Render thread/INFO] (Minecraft) Setting user: Player979
[08:20:24] [Render thread/ERROR] (Minecraft) No data fixer registered for king_crimson_requiem
[08:20:24] [Render thread/INFO] (jcraft) Registered StandType: king_crimson_requiem
[08:20:24] [Render thread/INFO] (terrablender) Registered region minecraft:overworld to index 0 for type OVERWORLD
[08:20:24] [Render thread/INFO] (terrablender) Registered region minecraft:nether to index 0 for type NETHER
[08:20:24] [Render thread/INFO] (terrablender) Registered region jcraft:overworld to index 1 for type OVERWORLD
[08:20:24] [Render thread/ERROR] (Minecraft) No data fixer registered for starplatinum
[08:20:24] [Render thread/ERROR] (Minecraft) No data fixer registered for sptw
[08:20:24] [Render thread/ERROR] (Minecraft) No data fixer registered for kingcrimson
[08:20:24] [Render thread/ERROR] (Minecraft) No data fixer registered for shadow_the_world
[08:20:24] [Render thread/ERROR] (Minecraft) No data fixer registered for theworld
[08:20:24] [Render thread/ERROR] (Minecraft) No data fixer registered for d4c
[08:20:24] [Render thread/ERROR] (Minecraft) No data fixer registered for cream
[08:20:24] [Render thread/ERROR] (Minecraft) No data fixer registered for killerqueen
[08:20:24] [Render thread/ERROR] (Minecraft) No data fixer registered for kqbtd
[08:20:24] [Render thread/ERROR] (Minecraft) No data fixer registered for sha
[08:20:24] [Render thread/ERROR] (Minecraft) No data fixer registered for sha
[08:20:24] [Render thread/ERROR] (Minecraft) No data fixer registered for whitesnake
[08:20:24] [Render thread/ERROR] (Minecraft) No data fixer registered for cmoon
[08:20:24] [Render thread/ERROR] (Minecraft) No data fixer registered for mih
[08:20:24] [Render thread/ERROR] (Minecraft) No data fixer registered for twoh
[08:20:24] [Render thread/ERROR] (Minecraft) No data fixer registered for silverchariot
[08:20:24] [Render thread/ERROR] (Minecraft) No data fixer registered for mr
[08:20:24] [Render thread/ERROR] (Minecraft) No data fixer registered for thefool
[08:20:24] [Render thread/ERROR] (Minecraft) No data fixer registered for goldexperience
[08:20:24] [Render thread/ERROR] (Minecraft) No data fixer registered for goldexperience
[08:20:24] [Render thread/ERROR] (Minecraft) No data fixer registered for gesnake
[08:20:24] [Render thread/ERROR] (Minecraft) No data fixer registered for gefrog
[08:20:24] [Render thread/ERROR] (Minecraft) No data fixer registered for gebutterfly
[08:20:24] [Render thread/ERROR] (Minecraft) No data fixer registered for hierophant_green
[08:20:24] [Render thread/ERROR] (Minecraft) No data fixer registered for purple_haze
[08:20:24] [Render thread/ERROR] (Minecraft) No data fixer registered for purple_haze_distortion
[08:20:24] [Render thread/ERROR] (Minecraft) No data fixer registered for horus
[08:20:24] [Render thread/ERROR] (Minecraft) No data fixer registered for ger
[08:20:24] [Render thread/ERROR] (Minecraft) No data fixer registered for gerscorpion
[08:20:24] [Render thread/ERROR] (Minecraft) No data fixer registered for playerclone
[08:20:24] [Render thread/ERROR] (Minecraft) No data fixer registered for roadroller
[08:20:24] [Render thread/ERROR] (Minecraft) No data fixer registered for knife
[08:20:24] [Render thread/ERROR] (Minecraft) No data fixer registered for scalpel
[08:20:24] [Render thread/ERROR] (Minecraft) No data fixer registered for razor
[08:20:24] [Render thread/ERROR] (Minecraft) No data fixer registered for bisect
[08:20:24] [Render thread/ERROR] (Minecraft) No data fixer registered for emerald
[08:20:24] [Render thread/ERROR] (Minecraft) No data fixer registered for icicle
[08:20:24] [Render thread/ERROR] (Minecraft) No data fixer registered for large_icicle
[08:20:24] [Render thread/ERROR] (Minecraft) No data fixer registered for ice_branch
[08:20:24] [Render thread/ERROR] (Minecraft) No data fixer registered for bullet
[08:20:24] [Render thread/ERROR] (Minecraft) No data fixer registered for rapier
[08:20:24] [Render thread/ERROR] (Minecraft) No data fixer registered for ankh
[08:20:24] [Render thread/ERROR] (Minecraft) No data fixer registered for meteor
[08:20:24] [Render thread/ERROR] (Minecraft) No data fixer registered for bubble
[08:20:24] [Render thread/ERROR] (Minecraft) No data fixer registered for bloodprojectile
[08:20:24] [Render thread/ERROR] (Minecraft) No data fixer registered for laserprojectile
[08:20:24] [Render thread/ERROR] (Minecraft) No data fixer registered for ph_capsule
[08:20:24] [Render thread/ERROR] (Minecraft) No data fixer registered for lifedetector
[08:20:24] [Render thread/ERROR] (Minecraft) No data fixer registered for hg_net
[08:20:24] [Render thread/ERROR] (Minecraft) No data fixer registered for redbind
[08:20:24] [Render thread/ERROR] (Minecraft) No data fixer registered for blockprojectile
[08:20:24] [Render thread/ERROR] (Minecraft) No data fixer registered for sandtornado
[08:20:24] [Render thread/ERROR] (Minecraft) No data fixer registered for wsacidprojectile
[08:20:24] [Render thread/ERROR] (Minecraft) No data fixer registered for standarrowprojectile
[08:20:24] [Render thread/ERROR] (Minecraft) No data fixer registered for sunbeam
[08:20:24] [Render thread/ERROR] (Minecraft) No data fixer registered for purple_haze_cloud
[08:20:25] [Render thread/ERROR] (Minecraft) No data fixer registered for metallica_forks
[08:20:25] [Render thread/ERROR] (Minecraft) No data fixer registered for petshop
[08:20:25] [Render thread/ERROR] (Minecraft) No data fixer registered for aya_tsuji
[08:20:25] [Render thread/ERROR] (Minecraft) No data fixer registered for cinderella
[08:20:25] [Render thread/ERROR] (Minecraft) No data fixer registered for darby_older
[08:20:25] [Render thread/ERROR] (Minecraft) No data fixer registered for osiris
[08:20:25] [Render thread/ERROR] (Minecraft) No data fixer registered for darby_younger
[08:20:25] [Render thread/ERROR] (Minecraft) No data fixer registered for atum
[08:20:25] [Render thread/ERROR] (Minecraft) No data fixer registered for chariot_requiem
[08:20:25] [Render thread/ERROR] (Minecraft) No data fixer registered for diver_down
[08:20:25] [Render thread/ERROR] (Minecraft) No data fixer registered for dragons_dream
[08:20:25] [Render thread/ERROR] (Minecraft) No data fixer registered for foo_fighters
[08:20:25] [Render thread/ERROR] (Minecraft) No data fixer registered for goo_goo_dolls
[08:20:25] [Render thread/ERROR] (Minecraft) No data fixer registered for metallica
[08:20:25] [Render thread/ERROR] (Minecraft) No data fixer registered for the_hand
[08:20:25] [Render thread/INFO] (NetworkManagerImpl) Registering S2C receiver with id jcraft:g_default_gravity
[08:20:25] [Render thread/INFO] (NetworkManagerImpl) Registering S2C receiver with id jcraft:g_update_gravity_list
[08:20:25] [Render thread/INFO] (NetworkManagerImpl) Registering S2C receiver with id jcraft:g_overwrite_gravity_list
[08:20:25] [Render thread/INFO] (NetworkManagerImpl) Registering S2C receiver with id jcraft:g_inverted
[08:20:25] [Render thread/INFO] (jcraft) Registered StandType: STAR_PLATINUM
[08:20:25] [Render thread/INFO] (jcraft) Registered StandType: THE_WORLD
[08:20:25] [Render thread/INFO] (jcraft) Registered StandType: KING_CRIMSON
[08:20:25] [Render thread/INFO] (jcraft) Registered StandType: D4C
[08:20:25] [Render thread/INFO] (jcraft) Registered StandType: CREAM
[08:20:25] [Render thread/INFO] (jcraft) Registered StandType: KILLER_QUEEN
[08:20:25] [Render thread/INFO] (jcraft) Registered StandType: WHITE_SNAKE
[08:20:25] [Render thread/INFO] (jcraft) Registered StandType: SILVER_CHARIOT
[08:20:25] [Render thread/INFO] (jcraft) Registered StandType: MAGICIANS_RED
[08:20:25] [Render thread/INFO] (jcraft) Registered StandType: THE_FOOL
[08:20:25] [Render thread/INFO] (jcraft) Registered StandType: GOLD_EXPERIENCE
[08:20:25] [Render thread/INFO] (jcraft) Registered StandType: HIEROPHANT_GREEN
[08:20:25] [Render thread/INFO] (jcraft) Registered StandType: THE_SUN
[08:20:25] [Render thread/INFO] (jcraft) Registered StandType: PURPLE_HAZE
[08:20:25] [Render thread/INFO] (jcraft) Registered StandType: C_MOON
[08:20:25] [Render thread/INFO] (jcraft) Registered StandType: MADE_IN_HEAVEN
[08:20:25] [Render thread/INFO] (jcraft) Registered StandType: THE_WORLD_OVER_HEAVEN
[08:20:25] [Render thread/INFO] (jcraft) Registered StandType: KILLER_QUEEN_BITES_THE_DUST
[08:20:25] [Render thread/INFO] (jcraft) Registered StandType: GOLD_EXPERIENCE_REQUIEM
[08:20:25] [Render thread/INFO] (jcraft) Registered StandType: STAR_PLATINUM_THE_WORLD
[08:20:25] [Render thread/INFO] (jcraft) Registered StandType: PURPLE_HAZE_DISTORTION
[08:20:25] [Render thread/INFO] (jcraft) Registered StandType: HORUS
[08:20:25] [Render thread/INFO] (jcraft) Registered StandType: CINDERELLA
[08:20:25] [Render thread/INFO] (jcraft) Registered StandType: OSIRIS
[08:20:25] [Render thread/INFO] (jcraft) Registered StandType: ATUM
[08:20:25] [Render thread/INFO] (jcraft) Registered StandType: CHARIOT_REQUIEM
[08:20:25] [Render thread/INFO] (jcraft) Registered StandType: DIVER_DOWN
[08:20:25] [Render thread/INFO] (jcraft) Registered StandType: DRAGONS_DREAM
[08:20:25] [Render thread/INFO] (jcraft) Registered StandType: FOO_FIGHTERS
[08:20:25] [Render thread/INFO] (jcraft) Registered StandType: GOO_GOO_DOLLS
[08:20:25] [Render thread/INFO] (jcraft) Registered StandType: SHADOW_THE_WORLD
[08:20:25] [Render thread/INFO] (jcraft) Registered StandType: METALLICA
[08:20:25] [Render thread/INFO] (jcraft) Registered StandType: THE_HAND
[08:20:25] [Render thread/INFO] (NetworkManagerImpl) Registering C2S receiver with id jcraft:plr_input
[08:20:25] [Render thread/INFO] (NetworkManagerImpl) Registering C2S receiver with id jcraft:plr_input_h
[08:20:25] [Render thread/INFO] (NetworkManagerImpl) Registering C2S receiver with id jcraft:config_update
[08:20:25] [Render thread/INFO] (NetworkManagerImpl) Registering C2S receiver with id jcraft:stnd_blk
[08:20:25] [Render thread/INFO] (NetworkManagerImpl) Registering C2S receiver with id jcraft:cdc
[08:20:25] [Render thread/INFO] (NetworkManagerImpl) Registering C2S receiver with id jcraft:rmt_stnd_act
[08:20:25] [Render thread/INFO] (NetworkManagerImpl) Registering C2S receiver with id jcraft:prdct_trig
[08:20:25] [Render thread/INFO] (NetworkManagerImpl) Registering C2S receiver with id jcraft:menu
[08:20:25] [Render thread/INFO] (azurelib) Registered azurelib config for auto-sync function
[08:20:25] [Render thread/INFO] (NetworkManagerImpl) Registering S2C receiver with id architectury:spawn_entity_packet
[08:20:25] [Worker-Main-1/INFO] (Mod Menu/Update Checker) Checking mod updates...
[08:20:25] [Render thread/INFO] (NetworkManagerImpl) Registering S2C receiver with id jcraft:g_default_gravity
[08:20:25] [Render thread/INFO] (NetworkManagerImpl) Registering S2C receiver with id jcraft:g_update_gravity_list
[08:20:25] [Render thread/INFO] (NetworkManagerImpl) Registering S2C receiver with id jcraft:g_overwrite_gravity_list
[08:20:25] [Render thread/INFO] (NetworkManagerImpl) Registering S2C receiver with id jcraft:g_inverted
[08:20:25] [Render thread/INFO] (NetworkManagerImpl) Registering S2C receiver with id jcraft:sfc
[08:20:25] [Render thread/INFO] (NetworkManagerImpl) Registering S2C receiver with id jcraft:anim
[08:20:25] [Render thread/INFO] (NetworkManagerImpl) Registering S2C receiver with id jcraft:s_act
[08:20:25] [Render thread/INFO] (NetworkManagerImpl) Registering S2C receiver with id jcraft:s_dct
[08:20:25] [Render thread/INFO] (NetworkManagerImpl) Registering S2C receiver with id jcraft:t_acl
[08:20:25] [Render thread/INFO] (NetworkManagerImpl) Registering S2C receiver with id jcraft:epth
[08:20:25] [Render thread/INFO] (NetworkManagerImpl) Registering S2C receiver with id jcraft:te_prdct
[08:20:25] [Render thread/INFO] (NetworkManagerImpl) Registering S2C receiver with id jcraft:s_config
[08:20:25] [Render thread/INFO] (NetworkManagerImpl) Registering S2C receiver with id jcraft:expl
[08:20:25] [Render thread/INFO] (NetworkManagerImpl) Registering S2C receiver with id jcraft:combo
[08:20:25] [Render thread/INFO] (NetworkManagerImpl) Registering S2C receiver with id jcraft:ts
[08:20:25] [Render thread/INFO] (NetworkManagerImpl) Registering S2C receiver with id jcraft:splat
[08:20:25] [Render thread/INFO] (NetworkManagerImpl) Registering S2C receiver with id jcraft:stnd_hurt
[08:20:25] [Render thread/INFO] (NetworkManagerImpl) Registering S2C receiver with id jcraft:prdct
[08:20:25] [Render thread/INFO] (NetworkManagerImpl) Registering S2C receiver with id jcraft:mfp
[08:20:25] [Render thread/INFO] (Indigo) [Indigo] Registering Indigo renderer!
[08:20:25] [Render thread/INFO] (Minecraft) Backend library: LWJGL version 3.3.1 SNAPSHOT
[08:20:26] [Render thread/INFO] (Minecraft) Reloading ResourceManager: vanilla, fabric (fabric-registry-sync-v0, fabric-game-rule-api-v1, fabric-commands-v0, fabric-sound-api-v1, fabric-client-tags-api-v1, fabric-blockrenderlayer-v1, fabric-models-v0, fabric-resource-conditions-api-v1, fabric-networking-api-v1, fabric-crash-report-info-v1, fabric-loot-tables-v1, fabric-resource-loader-v0, fabric-events-interaction-v0, cardinal-components-base, fabric-transfer-api-v1, fabric-data-attachment-api-v1, fabric-api-lookup-api-v1, cardinal-components-entity, fabric-events-lifecycle-v0, fabric-content-registries-v0, fabric-keybindings-v0, fabric-block-api-v1, fabric-rendering-v1, fabric-containers-v0, fabric-renderer-registries-v1, fabric-rendering-data-attachment-v1, fabric-biome-api-v1, fabric-loot-api-v2, fabric-block-view-api-v2, modmenu, fabric-recipe-api-v1, fabric-message-api-v1, fabricloader, fabric-command-api-v2, fabric-renderer-api-v1, fabric-dimensions-v1, fabric-rendering-fluids-v1, fabric-api-base, fabric-gametest-api-v1, terrablender, fabric-mining-level-api-v1, trimmed, jcraft, fabric-rendering-v0, fabric-data-generation-api-v1, fabric-key-binding-api-v1, cloth-config, fabric-command-api-v1, fabric-item-api-v1, fabric-renderer-indigo, fabric-item-group-api-v1, fabric-convention-tags-v1, cardinal-components-world, fabric-entity-events-v1, azurelib, fabric-api, fabric-transitive-access-wideners-v1, fabric-screen-api-v1, fabric-networking-v0, fabric-model-loading-api-v1, fabric-object-builder-api-v1, fabric-screen-handler-api-v1, fabric-lifecycle-events-v1, fabric-particles-v1)
[08:20:26] [Worker-Main-13/INFO] (Minecraft) Found unifont_all_no_pua-15.0.06.hex, loading
[08:20:26] [Realms Notification Availability checker #1/INFO] (Minecraft) Could not authorize you against Realms server: Invalid session id
[08:20:26] [Worker-Main-2/WARN] (Minecraft) Unable to load model: 'jcraft:mock_item#inventory' referenced from: jcraft:mock_item#inventory: java.io.FileNotFoundException: jcraft:models/item/mock_item.json
[08:20:27] [Render thread/INFO] (Trimmed) Client tags loaded!
[08:20:27] [Render thread/INFO] (Trimmed) Client maps loaded!
[08:20:27] [Render thread/WARN] (Minecraft) Missing sound for event: minecraft:item.goat_horn.play
[08:20:27] [Render thread/WARN] (Minecraft) Missing sound for event: minecraft:entity.goat.screaming.horn_break
[08:20:27] [Render thread/WARN] (Minecraft) Missing sound for event: jcraft:twtimestop_clean
[08:20:27] [Render thread/INFO] (Minecraft) OpenAL initialized on device HyperX Cloud Alpha Wireless Digital Stereo (IEC958)
[08:20:27] [Render thread/INFO] (Minecraft) Sound engine started
[08:20:27] [Render thread/INFO] (Minecraft) Created: 4096x2048x4 minecraft:textures/atlas/blocks.png-atlas
[08:20:27] [Render thread/INFO] (Minecraft) Created: 256x256x4 minecraft:textures/atlas/signs.png-atlas
[08:20:27] [Render thread/INFO] (Minecraft) Created: 512x512x4 minecraft:textures/atlas/banner_patterns.png-atlas
[08:20:27] [Render thread/INFO] (Minecraft) Created: 512x512x4 minecraft:textures/atlas/shield_patterns.png-atlas
[08:20:27] [Render thread/INFO] (Minecraft) Created: 1024x1024x4 minecraft:textures/atlas/armor_trims.png-atlas
[08:20:27] [Render thread/INFO] (Minecraft) Created: 256x256x4 minecraft:textures/atlas/chest.png-atlas
[08:20:27] [Render thread/INFO] (Minecraft) Created: 128x64x4 minecraft:textures/atlas/decorated_pot.png-atlas
[08:20:27] [Render thread/INFO] (Minecraft) Created: 512x256x4 minecraft:textures/atlas/beds.png-atlas
[08:20:27] [Render thread/INFO] (Minecraft) Created: 512x256x4 minecraft:textures/atlas/shulker_boxes.png-atlas
[08:20:27] [Render thread/WARN] (Minecraft) Shader jcraft:rrede could not find uniform named IViewRotMat in the specified shader program.
[08:20:27] [Render thread/WARN] (Minecraft) Shader rendertype_entity_translucent_emissive could not find sampler named Sampler2 in the specified shader program.
[08:20:27] [Render thread/INFO] (Minecraft) Created: 2048x1024x0 minecraft:textures/atlas/particles.png-atlas
[08:20:27] [Render thread/INFO] (Minecraft) Created: 256x256x0 minecraft:textures/atlas/paintings.png-atlas
[08:20:27] [Render thread/INFO] (Minecraft) Created: 256x128x0 minecraft:textures/atlas/mob_effects.png-atlas
[08:20:27] [Render thread/INFO] (Trimmed) Item model overrides loaded!
[08:20:27] [Render thread/INFO] (Trimmed) Trimmed templates are prepared!
[08:20:31] [Render thread/INFO] (FabricRegistrySync) [fabric-registry-sync] Loaded registry data [file 1/4]
[08:20:31] [Render thread/INFO] (Minecraft) Loaded 7 recipes
[08:20:31] [Render thread/INFO] (Minecraft) Loaded 1323 advancements
[08:20:31] [Sound engine/ERROR] (Minecraft) Stop: Invalid name parameter.
[08:20:31] [Render thread/INFO] (terrablender) Initialized TerraBlender biomes for level stem minecraft:the_nether
[08:20:31] [Render thread/INFO] (terrablender) Initialized TerraBlender biomes for level stem minecraft:overworld
[08:20:31] [Render thread/INFO] (BiomeModificationImpl) Applied 0 biome modifications to 0 of 66 new biomes in 984.1 μs
[08:20:31] [Server thread/INFO] (Minecraft) Starting integrated minecraft server version 1.20.1
[08:20:31] [Server thread/INFO] (Minecraft) Generating keypair
[08:20:32] [Server thread/INFO] (Minecraft) Preparing start region for dimension minecraft:overworld
[08:20:33] [Render thread/INFO] (Minecraft) Preparing spawn area: 0%
[08:20:33] [Render thread/INFO] (Minecraft) Preparing spawn area: 0%
[08:20:33] [Render thread/INFO] (Minecraft) Preparing spawn area: 0%
[08:20:34] [Render thread/INFO] (Minecraft) Time elapsed: 1362 ms
[08:20:34] [Server thread/INFO] (Minecraft) Changing view distance to 12, from 10
[08:20:34] [Server thread/INFO] (Minecraft) Changing simulation distance to 12, from 0
[08:20:34] [Server thread/INFO] (Minecraft) Player979[local:E:d15e4f17] logged in with entity id 213 at (153.80490655222704, 74.85683184719294, -97.70065233406223)
[08:20:34] [Server thread/INFO] (Minecraft) Player979 joined the game
[08:20:34] [Render thread/WARN] (Minecraft) Received passengers for unknown entity
[08:20:34] [Render thread/WARN] (jcraft) Prevented stopRiding() call for recently created WhiteSnakeEntity['Whitesnake'/201, l='ClientLevel', x=126.11, y=-9.75, z=-75.41]
[08:20:34] [Render thread/WARN] (jcraft) Prevented stopRiding() call for recently created KillerQueenEntity['Killer Queen'/198, l='ClientLevel', x=114.61, y=64.00, z=-32.33]
[08:20:34] [Render thread/WARN] (Minecraft) Received passengers for unknown entity
[08:20:34] [Render thread/WARN] (jcraft) Prevented stopRiding() call for recently created SilverChariotEntity['Silver Chariot'/197, l='ClientLevel', x=146.41, y=-17.00, z=-77.08]
[08:20:34] [Render thread/WARN] (jcraft) Prevented stopRiding() call for recently created TheFoolEntity['The Fool'/202, l='ClientLevel', x=177.32, y=35.00, z=-61.38]
[08:20:34] [Render thread/WARN] (Minecraft) Received passengers for unknown entity
[08:20:34] [Render thread/WARN] (jcraft) Prevented stopRiding() call for recently created MetallicaEntity['Metallica'/199, l='ClientLevel', x=170.98, y=-23.00, z=-159.77]
[08:20:34] [Render thread/WARN] (jcraft) Prevented stopRiding() call for recently created TheFoolEntity['The Fool'/202, l='ClientLevel', x=177.32, y=35.00, z=-61.38]
[08:20:34] [Render thread/INFO] (Minecraft) Loaded 10 advancements
[08:20:34] [Render thread/WARN] (jcraft) Prevented stopRiding() call for recently created MetallicaEntity['Metallica'/199, l='ClientLevel', x=170.98, y=-23.00, z=-159.77]
[08:20:34] [Render thread/WARN] (jcraft) Prevented stopRiding() call for recently created WhiteSnakeEntity['Whitesnake'/412, l='ClientLevel', x=225.54, y=0.00, z=-83.90]
[08:20:35] [Server thread/ERROR] (Minecraft) Encountered an unexpected exception
net.minecraft.ReportedException: Ticking entity
	at net.minecraft.server.MinecraftServer.tickChildren(MinecraftServer.java:901) ~[minecraft-merged-ff1f857175-1.20.1-loom.mappings.1_20_1.layered+hash.1900676243-v2.jar:?]
	at net.minecraft.server.MinecraftServer.tickServer(MinecraftServer.java:824) ~[minecraft-merged-ff1f857175-1.20.1-loom.mappings.1_20_1.layered+hash.1900676243-v2.jar:?]
	at net.minecraft.client.server.IntegratedServer.tickServer(IntegratedServer.java:105) ~[minecraft-merged-ff1f857175-1.20.1-loom.mappings.1_20_1.layered+hash.1900676243-v2.jar:?]
	at net.minecraft.server.MinecraftServer.runServer(MinecraftServer.java:671) ~[minecraft-merged-ff1f857175-1.20.1-loom.mappings.1_20_1.layered+hash.1900676243-v2.jar:?]
	at net.minecraft.server.MinecraftServer.method_29739(MinecraftServer.java:265) ~[minecraft-merged-ff1f857175-1.20.1-loom.mappings.1_20_1.layered+hash.1900676243-v2.jar:?]
	at java.lang.Thread.run(Thread.java:840) ~[?:?]
Caused by: java.lang.ClassCastException: class net.memezforbeanz.jcraft_requiem.common.entities.stand.KingCrimsonRequiemEntity cannot be cast to class net.arna.jcraft.common.entity.stand.KingCrimsonEntity (net.memezforbeanz.jcraft_requiem.common.entities.stand.KingCrimsonRequiemEntity and net.arna.jcraft.common.entity.stand.KingCrimsonEntity are in unnamed module of loader 'knot' @65f00478)
	at net.arna.jcraft.common.attack.moves.kingcrimson.TimeEraseMove.tick(TimeEraseMove.java:35) ~[jcraft-fabric-0.16.3-4ab352ef5169.jar:?]
	at net.arna.jcraft.common.attack.core.MoveMap.lambda$tickMoves$6(MoveMap.java:190) ~[jcraft-fabric-0.16.3-4ab352ef5169.jar:?]
	at com.google.common.collect.ImmutableList.forEach(ImmutableList.java:422) ~[guava-31.1-jre.jar:?]
	at net.arna.jcraft.common.attack.core.MoveMap.tickMoves(MoveMap.java:190) ~[jcraft-fabric-0.16.3-4ab352ef5169.jar:?]
	at net.arna.jcraft.common.entity.stand.StandEntity.tick(StandEntity.java:1049) ~[jcraft-fabric-0.16.3-4ab352ef5169.jar:?]
	at net.minecraft.world.entity.Entity.rideTick(Entity.java:2039) ~[minecraft-merged-ff1f857175-1.20.1-loom.mappings.1_20_1.layered+hash.1900676243-v2.jar:?]
	at net.minecraft.world.entity.LivingEntity.rideTick(LivingEntity.java:2866) ~[minecraft-merged-ff1f857175-1.20.1-loom.mappings.1_20_1.layered+hash.1900676243-v2.jar:?]
	at net.minecraft.server.level.ServerLevel.tickPassenger(ServerLevel.java:762) ~[minecraft-merged-ff1f857175-1.20.1-loom.mappings.1_20_1.layered+hash.1900676243-v2.jar:?]
	at net.minecraft.server.level.ServerLevel.tickNonPassenger(ServerLevel.java:743) ~[minecraft-merged-ff1f857175-1.20.1-loom.mappings.1_20_1.layered+hash.1900676243-v2.jar:?]
	at net.minecraft.world.level.Level.guardEntityTick(Level.java:480) ~[minecraft-merged-ff1f857175-1.20.1-loom.mappings.1_20_1.layered+hash.1900676243-v2.jar:?]
	at net.minecraft.server.level.ServerLevel.method_31420(ServerLevel.java:385) ~[minecraft-merged-ff1f857175-1.20.1-loom.mappings.1_20_1.layered+hash.1900676243-v2.jar:?]
	at net.minecraft.world.level.entity.EntityTickList.forEach(EntityTickList.java:54) ~[minecraft-merged-ff1f857175-1.20.1-loom.mappings.1_20_1.layered+hash.1900676243-v2.jar:?]
	at net.minecraft.server.level.ServerLevel.tick(ServerLevel.java:353) ~[minecraft-merged-ff1f857175-1.20.1-loom.mappings.1_20_1.layered+hash.1900676243-v2.jar:?]
	at net.minecraft.server.MinecraftServer.tickChildren(MinecraftServer.java:897) ~[minecraft-merged-ff1f857175-1.20.1-loom.mappings.1_20_1.layered+hash.1900676243-v2.jar:?]
	... 5 more
[08:20:35] [Server thread/ERROR] (Minecraft) This crash report has been saved to: /home/memezforbeanz/Documents/Intellij/gravity mod/JCraft-Requiem/fabric/run/crash-reports/crash-2025-04-04_08.20.35-server.txt
[08:20:35] [Server thread/INFO] (Minecraft) Stopping server
[08:20:35] [Server thread/INFO] (Minecraft) Saving players
